<?xml version="1.0" encoding="UTF-8"?>
<testng-results ignored="0" total="1" passed="1" failed="0" skipped="0">
  <reporter-output>
  </reporter-output>
  <suite started-at="2025-06-04T20:42:44 IST" name="Default suite" finished-at="2025-06-04T20:43:01 IST" duration-ms="17599">
    <groups>
    </groups>
    <test started-at="2025-06-04T20:42:44 IST" name="Default test" finished-at="2025-06-04T20:43:01 IST" duration-ms="17599">
      <class name="Login.LoginTest">
        <test-method is-config="true" signature="setup()[pri:0, instance:Login.LoginTest@3b0090a4]" started-at="2025-06-04T20:42:44 IST" name="setup" finished-at="2025-06-04T20:42:53 IST" duration-ms="9448" status="PASS">
          <reporter-output>
          </reporter-output>
        </test-method> <!-- setup -->
        <test-method signature="loginToOrangeHRM()[pri:0, instance:Login.LoginTest@3b0090a4]" started-at="2025-06-04T20:42:53 IST" name="loginToOrangeHRM" finished-at="2025-06-04T20:43:01 IST" duration-ms="7785" status="PASS">
          <reporter-output>
          </reporter-output>
        </test-method> <!-- loginToOrangeHRM -->
        <test-method is-config="true" signature="tearDown()[pri:0, instance:Login.LoginTest@3b0090a4]" started-at="2025-06-04T20:43:01 IST" name="tearDown" finished-at="2025-06-04T20:43:01 IST" duration-ms="245" status="PASS">
          <reporter-output>
          </reporter-output>
        </test-method> <!-- tearDown -->
      </class> <!-- Login.LoginTest -->
    </test> <!-- Default test -->
  </suite> <!-- Default suite -->
</testng-results>
