<?xml version="1.0" encoding="UTF-8"?>
<testng-results ignored="0" total="1" passed="1" failed="0" skipped="0">
  <reporter-output>
  </reporter-output>
  <suite started-at="2025-06-05T00:37:16 IST" name="Default suite" finished-at="2025-06-05T00:37:26 IST" duration-ms="9411">
    <groups>
    </groups>
    <test started-at="2025-06-05T00:37:16 IST" name="Default test" finished-at="2025-06-05T00:37:26 IST" duration-ms="9411">
      <class name="Login.LoginTest">
        <test-method is-config="true" signature="setup()[pri:0, instance:Login.LoginTest@1fa121e2]" started-at="2025-06-05T00:37:16 IST" name="setup" finished-at="2025-06-05T00:37:18 IST" duration-ms="1536" status="PASS">
          <reporter-output>
          </reporter-output>
        </test-method> <!-- setup -->
        <test-method signature="loginAndVerifyAdminPage()[pri:0, instance:Login.LoginTest@1fa121e2]" started-at="2025-06-05T00:37:18 IST" name="loginAndVerifyAdminPage" finished-at="2025-06-05T00:37:26 IST" duration-ms="7610" status="PASS">
          <reporter-output>
          </reporter-output>
        </test-method> <!-- loginAndVerifyAdminPage -->
        <test-method is-config="true" signature="teardown()[pri:0, instance:Login.LoginTest@1fa121e2]" started-at="2025-06-05T00:37:26 IST" name="teardown" finished-at="2025-06-05T00:37:26 IST" duration-ms="226" status="PASS">
          <reporter-output>
          </reporter-output>
        </test-method> <!-- teardown -->
      </class> <!-- Login.LoginTest -->
    </test> <!-- Default test -->
  </suite> <!-- Default suite -->
</testng-results>
